2021-11-04 08:44:35,866 INFO org.springframework.orm.jpa.LocalContainerEntityManagerFactoryBean [Thread-129] Closing JPA EntityManagerFactory for persistence unit 'default'
2021-11-04 08:44:36,226 INFO com.codecompass.libraryapi.LibraryapiApplication [restartedMain] Starting LibraryapiApplication using Java 11.0.2 on shabbir-mac.local with PID 81574 (/Users/apple/training/webServices/library-api/target/classes started by apple in /Users/apple/training/webServices/library-api)
2021-11-04 08:44:36,226 DEBUG com.codecompass.libraryapi.LibraryapiApplication [restartedMain] Running with Spring Boot v2.5.6, Spring v5.3.12
2021-11-04 08:44:36,226 INFO com.codecompass.libraryapi.LibraryapiApplication [restartedMain] The following profiles are active: test
2021-11-04 08:44:36,344 INFO org.springframework.data.repository.config.RepositoryConfigurationDelegate [restartedMain] Bootstrapping Spring Data JPA repositories in DEFAULT mode.
2021-11-04 08:44:36,347 INFO org.springframework.data.repository.config.RepositoryConfigurationDelegate [restartedMain] Finished Spring Data repository scanning in 3 ms. Found 1 JPA repository interfaces.
2021-11-04 08:44:36,445 INFO org.springframework.boot.web.embedded.tomcat.TomcatWebServer [restartedMain] Tomcat initialized with port(s): 8080 (http)
2021-11-04 08:44:36,453 INFO org.springframework.boot.web.servlet.context.ServletWebServerApplicationContext [restartedMain] Root WebApplicationContext: initialization completed in 225 ms
2021-11-04 08:44:36,485 INFO org.springframework.boot.autoconfigure.h2.H2ConsoleAutoConfiguration [restartedMain] H2 console available at '/h2-console'. Database available at 'jdbc:mysql://localhost:3306/library_db'
2021-11-04 08:44:36,529 INFO org.springframework.orm.jpa.LocalContainerEntityManagerFactoryBean [restartedMain] Initialized JPA EntityManagerFactory for persistence unit 'default'
2021-11-04 08:44:36,586 WARN org.springframework.boot.autoconfigure.orm.jpa.JpaBaseConfiguration$JpaWebConfiguration [restartedMain] spring.jpa.open-in-view is enabled by default. Therefore, database queries may be performed during view rendering. Explicitly configure spring.jpa.open-in-view to disable this warning
2021-11-04 08:44:36,618 DEBUG org.springframework.web.servlet.mvc.method.annotation.RequestMappingHandlerAdapter [restartedMain] ControllerAdvice beans: 0 @ModelAttribute, 0 @InitBinder, 1 RequestBodyAdvice, 1 ResponseBodyAdvice
2021-11-04 08:44:36,625 DEBUG org.springframework.web.servlet.mvc.method.annotation.RequestMappingHandlerMapping [restartedMain] 7 mappings in 'requestMappingHandlerMapping'
2021-11-04 08:44:36,634 DEBUG org.springframework.web.servlet.handler.SimpleUrlHandlerMapping [restartedMain] Patterns [/webjars/**, /**] in 'resourceHandlerMapping'
2021-11-04 08:44:36,637 DEBUG org.springframework.web.servlet.mvc.method.annotation.ExceptionHandlerExceptionResolver [restartedMain] ControllerAdvice beans: 1 @ExceptionHandler, 1 ResponseBodyAdvice
2021-11-04 08:44:36,659 INFO org.springframework.boot.devtools.autoconfigure.OptionalLiveReloadServer [restartedMain] LiveReload server is running on port 35729
2021-11-04 08:44:36,664 INFO org.springframework.boot.web.embedded.tomcat.TomcatWebServer [restartedMain] Tomcat started on port(s): 8080 (http) with context path ''
2021-11-04 08:44:36,666 INFO com.codecompass.libraryapi.LibraryapiApplication [restartedMain] Started LibraryapiApplication in 0.682 seconds (JVM running for 19369.504)
2021-11-04 08:44:36,667 INFO org.springframework.boot.devtools.autoconfigure.ConditionEvaluationDeltaLoggingListener [restartedMain] Condition evaluation unchanged
2021-11-04 08:44:38,078 INFO org.springframework.orm.jpa.LocalContainerEntityManagerFactoryBean [Thread-133] Closing JPA EntityManagerFactory for persistence unit 'default'
2021-11-04 08:44:38,166 INFO com.codecompass.libraryapi.LibraryapiApplication [restartedMain] Starting LibraryapiApplication using Java 11.0.2 on shabbir-mac.local with PID 81574 (/Users/apple/training/webServices/library-api/target/classes started by apple in /Users/apple/training/webServices/library-api)
2021-11-04 08:44:38,166 DEBUG com.codecompass.libraryapi.LibraryapiApplication [restartedMain] Running with Spring Boot v2.5.6, Spring v5.3.12
2021-11-04 08:44:38,166 INFO com.codecompass.libraryapi.LibraryapiApplication [restartedMain] The following profiles are active: test
2021-11-04 08:44:38,241 INFO org.springframework.data.repository.config.RepositoryConfigurationDelegate [restartedMain] Bootstrapping Spring Data JPA repositories in DEFAULT mode.
2021-11-04 08:44:38,244 INFO org.springframework.data.repository.config.RepositoryConfigurationDelegate [restartedMain] Finished Spring Data repository scanning in 3 ms. Found 1 JPA repository interfaces.
2021-11-04 08:44:38,292 INFO org.springframework.boot.web.embedded.tomcat.TomcatWebServer [restartedMain] Tomcat initialized with port(s): 8080 (http)
2021-11-04 08:44:38,299 INFO org.springframework.boot.web.servlet.context.ServletWebServerApplicationContext [restartedMain] Root WebApplicationContext: initialization completed in 132 ms
2021-11-04 08:44:38,323 INFO org.springframework.boot.autoconfigure.h2.H2ConsoleAutoConfiguration [restartedMain] H2 console available at '/h2-console'. Database available at 'jdbc:mysql://localhost:3306/library_db'
2021-11-04 08:44:38,350 INFO org.springframework.orm.jpa.LocalContainerEntityManagerFactoryBean [restartedMain] Initialized JPA EntityManagerFactory for persistence unit 'default'
2021-11-04 08:44:38,390 WARN org.springframework.boot.autoconfigure.orm.jpa.JpaBaseConfiguration$JpaWebConfiguration [restartedMain] spring.jpa.open-in-view is enabled by default. Therefore, database queries may be performed during view rendering. Explicitly configure spring.jpa.open-in-view to disable this warning
2021-11-04 08:44:38,403 DEBUG org.springframework.web.servlet.mvc.method.annotation.RequestMappingHandlerAdapter [restartedMain] ControllerAdvice beans: 0 @ModelAttribute, 0 @InitBinder, 1 RequestBodyAdvice, 1 ResponseBodyAdvice
2021-11-04 08:44:38,407 DEBUG org.springframework.web.servlet.mvc.method.annotation.RequestMappingHandlerMapping [restartedMain] 7 mappings in 'requestMappingHandlerMapping'
2021-11-04 08:44:38,412 DEBUG org.springframework.web.servlet.handler.SimpleUrlHandlerMapping [restartedMain] Patterns [/webjars/**, /**] in 'resourceHandlerMapping'
2021-11-04 08:44:38,414 DEBUG org.springframework.web.servlet.mvc.method.annotation.ExceptionHandlerExceptionResolver [restartedMain] ControllerAdvice beans: 1 @ExceptionHandler, 1 ResponseBodyAdvice
2021-11-04 08:44:38,423 INFO org.springframework.boot.devtools.autoconfigure.OptionalLiveReloadServer [restartedMain] LiveReload server is running on port 35729
2021-11-04 08:44:38,425 INFO org.springframework.boot.web.embedded.tomcat.TomcatWebServer [restartedMain] Tomcat started on port(s): 8080 (http) with context path ''
2021-11-04 08:44:38,427 INFO com.codecompass.libraryapi.LibraryapiApplication [restartedMain] Started LibraryapiApplication in 0.279 seconds (JVM running for 19371.265)
2021-11-04 08:44:38,428 INFO org.springframework.boot.devtools.autoconfigure.ConditionEvaluationDeltaLoggingListener [restartedMain] Condition evaluation unchanged
